{"numTotalTestSuites":481,"numPassedTestSuites":481,"numFailedTestSuites":0,"numPendingTestSuites":0,"numTotalTests":1280,"numPassedTests":1263,"numFailedTests":17,"numPendingTests":0,"numTodoTests":0,"startTime":1772251735314,"success":false,"testResults":[{"assertionResults":[{"ancestorTitles":["","ChatInterface Component - Basic Tests"],"fullName":" ChatInterface Component - Basic Tests should render without crashing","status":"passed","title":"should render without crashing","duration":2,"failureMessages":[]},{"ancestorTitles":["","ChatInterface Component - Basic Tests"],"fullName":" ChatInterface Component - Basic Tests should render in text mode by default","status":"passed","title":"should render in text mode by default","duration":2,"failureMessages":[]},{"ancestorTitles":["","ChatInterface Component - Basic Tests"],"fullName":" ChatInterface Component - Basic Tests should have accessible chat messages region","status":"passed","title":"should have accessible chat messages region","duration":3,"failureMessages":[]},{"ancestorTitles":["","ChatInterface Component - Basic Tests"],"fullName":" ChatInterface Component - Basic Tests should render send button with aria label","status":"passed","title":"should render send button with aria label","duration":4,"failureMessages":[]},{"ancestorTitles":["","ChatInterface Component - Basic Tests"],"fullName":" ChatInterface Component - Basic Tests should render voice toggle button when voice is available","status":"passed","title":"should render voice toggle button when voice is available","duration":5,"failureMessages":[]},{"ancestorTitles":["","ChatInterface Component - Basic Tests"],"fullName":" ChatInterface Component - Basic Tests should not render voice toggle button when voice is unavailable","status":"passed","title":"should not render voice toggle button when voice is unavailable","duration":5,"failureMessages":[]}],"startTime":1772251769253,"endTime":1772251769274,"status":"passed","message":"","name":"F:/009_PROJECTS/davis9001.dev/davis9001.dev-sveltekit/src/lib/components/ChatInterface.test.ts"},{"assertionResults":[{"ancestorTitles":["","CommandPalette"],"fullName":" CommandPalette should not render when show is false","status":"passed","title":"should not render when show is false","duration":4,"failureMessages":[]},{"ancestorTitles":["","CommandPalette"],"fullName":" CommandPalette should render when show is true","status":"passed","title":"should render when show is true","duration":15,"failureMessages":[]},{"ancestorTitles":["","CommandPalette"],"fullName":" CommandPalette should display search input with AI prompt when providers are available","status":"passed","title":"should display search input with AI prompt when providers are available","duration":7,"failureMessages":[]},{"ancestorTitles":["","CommandPalette"],"fullName":" CommandPalette should display search input without AI prompt when providers are not available","status":"passed","title":"should display search input without AI prompt when providers are not available","duration":7,"failureMessages":[]},{"ancestorTitles":["","CommandPalette"],"fullName":" CommandPalette should display all commands by default","status":"passed","title":"should display all commands by default","duration":4,"failureMessages":[]},{"ancestorTitles":["","CommandPalette"],"fullName":" CommandPalette should include chat command when AI providers are available","status":"passed","title":"should include chat command when AI providers are available","duration":4,"failureMessages":[]},{"ancestorTitles":["","CommandPalette"],"fullName":" CommandPalette should exclude chat command when AI providers are not available","status":"passed","title":"should exclude chat command when AI providers are not available","duration":4,"failureMessages":[]},{"ancestorTitles":["","CommandPalette"],"fullName":" CommandPalette should filter commands based on search query","status":"passed","title":"should filter commands based on search query","duration":8,"failureMessages":[]},{"ancestorTitles":["","CommandPalette"],"fullName":" CommandPalette should have no-results message in template","status":"passed","title":"should have no-results message in template","duration":5,"failureMessages":[]},{"ancestorTitles":["","CommandPalette"],"fullName":" CommandPalette should highlight selected command","status":"passed","title":"should highlight selected command","duration":5,"failureMessages":[]},{"ancestorTitles":["","CommandPalette"],"fullName":" CommandPalette should navigate with arrow keys","status":"passed","title":"should navigate with arrow keys","duration":6,"failureMessages":[]},{"ancestorTitles":["","CommandPalette"],"fullName":" CommandPalette should close on backdrop click","status":"passed","title":"should close on backdrop click","duration":14,"failureMessages":[]},{"ancestorTitles":["","CommandPalette"],"fullName":" CommandPalette should close on Escape key","status":"passed","title":"should close on Escape key","duration":6,"failureMessages":[]},{"ancestorTitles":["","CommandPalette"],"fullName":" CommandPalette should display command icons","status":"passed","title":"should display command icons","duration":5,"failureMessages":[]},{"ancestorTitles":["","CommandPalette"],"fullName":" CommandPalette should display keyboard shortcuts hint","status":"passed","title":"should display keyboard shortcuts hint","duration":4,"failureMessages":[]},{"ancestorTitles":["","CommandPalette"],"fullName":" CommandPalette should have proper accessibility attributes","status":"passed","title":"should have proper accessibility attributes","duration":3,"failureMessages":[]},{"ancestorTitles":["","CommandPalette"],"fullName":" CommandPalette should execute command on Enter key","status":"passed","title":"should execute command on Enter key","duration":3,"failureMessages":[]},{"ancestorTitles":["","CommandPalette"],"fullName":" CommandPalette should execute command on click","status":"passed","title":"should execute command on click","duration":3,"failureMessages":[]},{"ancestorTitles":["","CommandPalette"],"fullName":" CommandPalette should update selected index on mouse enter","status":"passed","title":"should update selected index on mouse enter","duration":4,"failureMessages":[]},{"ancestorTitles":["","CommandPalette"],"fullName":" CommandPalette should focus search input when shown","status":"passed","title":"should focus search input when shown","duration":3,"failureMessages":[]},{"ancestorTitles":["","CommandPalette"],"fullName":" CommandPalette should reset search query when shown","status":"passed","title":"should reset search query when shown","duration":115,"failureMessages":[]},{"ancestorTitles":["","CommandPalette"],"fullName":" CommandPalette should send query to AI chat when Enter is pressed with no matching commands and AI is enabled","status":"passed","title":"should send query to AI chat when Enter is pressed with no matching commands and AI is enabled","duration":105,"failureMessages":[]},{"ancestorTitles":["","CommandPalette"],"fullName":" CommandPalette should not send query to AI chat when Enter is pressed with no matching commands and AI is disabled","status":"passed","title":"should not send query to AI chat when Enter is pressed with no matching commands and AI is disabled","duration":110,"failureMessages":[]},{"ancestorTitles":["","CommandPalette"],"fullName":" CommandPalette should send query to AI chat when clicking the no-results option and AI is enabled","status":"passed","title":"should send query to AI chat when clicking the no-results option and AI is enabled","duration":110,"failureMessages":[]},{"ancestorTitles":["","CommandPalette"],"fullName":" CommandPalette should not show AI chat fallback when AI is disabled","status":"passed","title":"should not show AI chat fallback when AI is disabled","duration":106,"failureMessages":[]},{"ancestorTitles":["","CommandPalette"],"fullName":" CommandPalette should not send empty query to AI chat","status":"passed","title":"should not send empty query to AI chat","duration":4,"failureMessages":[]},{"ancestorTitles":["","CommandPalette"],"fullName":" CommandPalette should trim whitespace from query before sending to AI chat","status":"passed","title":"should trim whitespace from query before sending to AI chat","duration":107,"failureMessages":[]},{"ancestorTitles":["","CommandPalette","Theme Commands"],"fullName":" CommandPalette Theme Commands should display theme commands","status":"passed","title":"should display theme commands","duration":3,"failureMessages":[]},{"ancestorTitles":["","CommandPalette","Theme Commands"],"fullName":" CommandPalette Theme Commands should show active badge on current theme preference","status":"passed","title":"should show active badge on current theme preference","duration":3,"failureMessages":[]},{"ancestorTitles":["","CommandPalette","Theme Commands"],"fullName":" CommandPalette Theme Commands should show system preset indicator in theme description","status":"passed","title":"should show system preset indicator in theme description","duration":4,"failureMessages":[]},{"ancestorTitles":["","CommandPalette","Theme Commands"],"fullName":" CommandPalette Theme Commands should switch to light theme when light command is executed","status":"passed","title":"should switch to light theme when light command is executed","duration":5,"failureMessages":[]},{"ancestorTitles":["","CommandPalette","Theme Commands"],"fullName":" CommandPalette Theme Commands should switch to dark theme when dark command is executed","status":"passed","title":"should switch to dark theme when dark command is executed","duration":6,"failureMessages":[]},{"ancestorTitles":["","CommandPalette","Theme Commands"],"fullName":" CommandPalette Theme Commands should switch to system theme when system command is executed","status":"passed","title":"should switch to system theme when system command is executed","duration":4,"failureMessages":[]},{"ancestorTitles":["","CommandPalette","Theme Commands"],"fullName":" CommandPalette Theme Commands should have preview handlers on theme commands","status":"passed","title":"should have preview handlers on theme commands","duration":7,"failureMessages":[]},{"ancestorTitles":["","CommandPalette","Theme Commands"],"fullName":" CommandPalette Theme Commands should filter theme commands by search query","status":"passed","title":"should filter theme commands by search query","duration":3,"failureMessages":[]}],"startTime":1772251743494,"endTime":1772251744300,"status":"passed","message":"","name":"F:/009_PROJECTS/davis9001.dev/davis9001.dev-sveltekit/src/lib/components/CommandPalette.test.ts"},{"assertionResults":[{"ancestorTitles":["","Footer"],"fullName":" Footer should render the footer element","status":"passed","title":"should render the footer element","duration":1,"failureMessages":[]},{"ancestorTitles":["","Footer"],"fullName":" Footer should display the NebulaKit brand","status":"failed","title":"should display the NebulaKit brand","duration":3,"failureMessages":["str.replace is not a function"],"location":{"line":19,"column":14}},{"ancestorTitles":["","Footer"],"fullName":" Footer should display the tagline","status":"failed","title":"should display the tagline","duration":2,"failureMessages":["str.replace is not a function"],"location":{"line":19,"column":14}},{"ancestorTitles":["","Footer"],"fullName":" Footer should have navigation links section","status":"failed","title":"should have navigation links section","duration":3,"failureMessages":["str.replace is not a function"],"location":{"line":19,"column":14}},{"ancestorTitles":["","Footer"],"fullName":" Footer should have resources links section","status":"failed","title":"should have resources links section","duration":2,"failureMessages":["str.replace is not a function"],"location":{"line":19,"column":14}},{"ancestorTitles":["","Footer"],"fullName":" Footer should have legal links section","status":"failed","title":"should have legal links section","duration":3,"failureMessages":["str.replace is not a function"],"location":{"line":19,"column":14}},{"ancestorTitles":["","Footer"],"fullName":" Footer should contain home link","status":"failed","title":"should contain home link","duration":2,"failureMessages":["str.replace is not a function"],"location":{"line":19,"column":14}},{"ancestorTitles":["","Footer"],"fullName":" Footer should contain chat link","status":"failed","title":"should contain chat link","duration":2,"failureMessages":["str.replace is not a function"],"location":{"line":19,"column":14}},{"ancestorTitles":["","Footer"],"fullName":" Footer should contain sign in link","status":"failed","title":"should contain sign in link","duration":4,"failureMessages":["str.replace is not a function"],"location":{"line":19,"column":14}},{"ancestorTitles":["","Footer"],"fullName":" Footer should contain sign up link","status":"failed","title":"should contain sign up link","duration":4,"failureMessages":["str.replace is not a function"],"location":{"line":19,"column":14}},{"ancestorTitles":["","Footer"],"fullName":" Footer should contain documentation link pointing to /documentation","status":"failed","title":"should contain documentation link pointing to /documentation","duration":3,"failureMessages":["str.replace is not a function"],"location":{"line":19,"column":14}},{"ancestorTitles":["","Footer"],"fullName":" Footer should contain GitHub link in resources","status":"failed","title":"should contain GitHub link in resources","duration":2,"failureMessages":["str.replace is not a function"],"location":{"line":19,"column":14}},{"ancestorTitles":["","Footer"],"fullName":" Footer should contain privacy policy link","status":"failed","title":"should contain privacy policy link","duration":6,"failureMessages":["str.replace is not a function"],"location":{"line":19,"column":14}},{"ancestorTitles":["","Footer"],"fullName":" Footer should contain terms of service link","status":"failed","title":"should contain terms of service link","duration":3,"failureMessages":["str.replace is not a function"],"location":{"line":19,"column":14}},{"ancestorTitles":["","Footer"],"fullName":" Footer should display copyright with current year","status":"passed","title":"should display copyright with current year","duration":1,"failureMessages":[]},{"ancestorTitles":["","Footer"],"fullName":" Footer should display created by *Space link","status":"failed","title":"should display created by *Space link","duration":3,"failureMessages":["str.replace is not a function"],"location":{"line":19,"column":14}},{"ancestorTitles":["","Footer"],"fullName":" Footer should have proper accessibility structure with navigation landmark","status":"failed","title":"should have proper accessibility structure with navigation landmark","duration":1,"failureMessages":["\u001b[2mexpect(\u001b[22m\u001b[31mreceived\u001b[39m\u001b[2m).toBeInTheDocument()\u001b[22m\n\n\u001b[31mreceived\u001b[39m value must be an HTMLElement or an SVGElement.\n"],"location":{"line":106,"column":15}},{"ancestorTitles":["","Footer"],"fullName":" Footer should have GitHub external link open in new tab","status":"failed","title":"should have GitHub external link open in new tab","duration":3,"failureMessages":["str.replace is not a function"],"location":{"line":19,"column":14}},{"ancestorTitles":["","Footer"],"fullName":" Footer should render Cloudflare badge","status":"failed","title":"should render Cloudflare badge","duration":1,"failureMessages":["str.replace is not a function"],"location":{"line":19,"column":14}}],"startTime":1772251763945,"endTime":1772251763994,"status":"failed","message":"","name":"F:/009_PROJECTS/davis9001.dev/davis9001.dev-sveltekit/src/lib/components/Footer.test.ts"},{"assertionResults":[{"ancestorTitles":["","Navigation"],"fullName":" Navigation should pass basic structure test","status":"passed","title":"should pass basic structure test","duration":0,"failureMessages":[]}],"startTime":1772251770516,"endTime":1772251770516,"status":"passed","message":"","name":"F:/009_PROJECTS/davis9001.dev/davis9001.dev-sveltekit/src/lib/components/Navigation.test.ts"},{"assertionResults":[{"ancestorTitles":["","ThemeSwitcher"],"fullName":" ThemeSwitcher should render theme switcher button","status":"passed","title":"should render theme switcher button","duration":3,"failureMessages":[]},{"ancestorTitles":["","ThemeSwitcher"],"fullName":" ThemeSwitcher should toggle between light and dark themes","status":"passed","title":"should toggle between light and dark themes","duration":0,"failureMessages":[]},{"ancestorTitles":["","ThemeSwitcher"],"fullName":" ThemeSwitcher should persist theme preference to localStorage","status":"passed","title":"should persist theme preference to localStorage","duration":1,"failureMessages":[]},{"ancestorTitles":["","ThemeSwitcher"],"fullName":" ThemeSwitcher should apply system theme by default","status":"passed","title":"should apply system theme by default","duration":1,"failureMessages":[]}],"startTime":1772251770332,"endTime":1772251770337,"status":"passed","message":"","name":"F:/009_PROJECTS/davis9001.dev/davis9001.dev-sveltekit/src/lib/components/ThemeSwitcher.test.ts"},{"assertionResults":[{"ancestorTitles":["","Theme Store"],"fullName":" Theme Store should initialize with system theme preference","status":"passed","title":"should initialize with system theme preference","duration":1,"failureMessages":[]},{"ancestorTitles":["","Theme Store"],"fullName":" Theme Store should resolve system theme based on system preference","status":"passed","title":"should resolve system theme based on system preference","duration":0,"failureMessages":[]},{"ancestorTitles":["","Theme Store"],"fullName":" Theme Store should resolve to explicit light theme when set","status":"passed","title":"should resolve to explicit light theme when set","duration":0,"failureMessages":[]},{"ancestorTitles":["","Theme Store"],"fullName":" Theme Store should resolve to explicit dark theme when set","status":"passed","title":"should resolve to explicit dark theme when set","duration":0,"failureMessages":[]},{"ancestorTitles":["","Theme Store"],"fullName":" Theme Store should update theme preference value","status":"passed","title":"should update theme preference value","duration":0,"failureMessages":[]},{"ancestorTitles":["","Theme Store"],"fullName":" Theme Store should handle cycling through all theme preferences","status":"passed","title":"should handle cycling through all theme preferences","duration":0,"failureMessages":[]},{"ancestorTitles":["","Theme Store"],"fullName":" Theme Store should maintain system theme reactivity","status":"passed","title":"should maintain system theme reactivity","duration":0,"failureMessages":[]},{"ancestorTitles":["","Theme Store"],"fullName":" Theme Store should not affect resolved theme when changing system theme with explicit preference","status":"passed","title":"should not affect resolved theme when changing system theme with explicit preference","duration":1,"failureMessages":[]}],"startTime":1772251767315,"endTime":1772251767317,"status":"passed","message":"","name":"F:/009_PROJECTS/davis9001.dev/davis9001.dev-sveltekit/src/lib/stores/theme.test.ts"},{"assertionResults":[{"ancestorTitles":["","Contrast Checker Utility","hexToRgb"],"fullName":" Contrast Checker Utility hexToRgb should convert 6-digit hex to RGB","status":"passed","title":"should convert 6-digit hex to RGB","duration":0,"failureMessages":[]},{"ancestorTitles":["","Contrast Checker Utility","hexToRgb"],"fullName":" Contrast Checker Utility hexToRgb should handle hex without # prefix","status":"passed","title":"should handle hex without # prefix","duration":1,"failureMessages":[]},{"ancestorTitles":["","Contrast Checker Utility","hexToRgb"],"fullName":" Contrast Checker Utility hexToRgb should convert 3-digit hex to RGB","status":"passed","title":"should convert 3-digit hex to RGB","duration":0,"failureMessages":[]},{"ancestorTitles":["","Contrast Checker Utility","hexToRgb"],"fullName":" Contrast Checker Utility hexToRgb should throw error for invalid hex","status":"passed","title":"should throw error for invalid hex","duration":0,"failureMessages":[]},{"ancestorTitles":["","Contrast Checker Utility","getLuminance"],"fullName":" Contrast Checker Utility getLuminance should calculate luminance for white","status":"passed","title":"should calculate luminance for white","duration":0,"failureMessages":[]},{"ancestorTitles":["","Contrast Checker Utility","getLuminance"],"fullName":" Contrast Checker Utility getLuminance should calculate luminance for black","status":"passed","title":"should calculate luminance for black","duration":1,"failureMessages":[]},{"ancestorTitles":["","Contrast Checker Utility","getLuminance"],"fullName":" Contrast Checker Utility getLuminance should calculate luminance for gray","status":"passed","title":"should calculate luminance for gray","duration":0,"failureMessages":[]},{"ancestorTitles":["","Contrast Checker Utility","getLuminance"],"fullName":" Contrast Checker Utility getLuminance should calculate luminance for primary blue (#0066cc)","status":"passed","title":"should calculate luminance for primary blue (#0066cc)","duration":0,"failureMessages":[]},{"ancestorTitles":["","Contrast Checker Utility","getContrastRatio"],"fullName":" Contrast Checker Utility getContrastRatio should return 21:1 for black on white","status":"passed","title":"should return 21:1 for black on white","duration":0,"failureMessages":[]},{"ancestorTitles":["","Contrast Checker Utility","getContrastRatio"],"fullName":" Contrast Checker Utility getContrastRatio should return 21:1 for white on black","status":"passed","title":"should return 21:1 for white on black","duration":0,"failureMessages":[]},{"ancestorTitles":["","Contrast Checker Utility","getContrastRatio"],"fullName":" Contrast Checker Utility getContrastRatio should return 1:1 for same colors","status":"passed","title":"should return 1:1 for same colors","duration":0,"failureMessages":[]},{"ancestorTitles":["","Contrast Checker Utility","getContrastRatio"],"fullName":" Contrast Checker Utility getContrastRatio should calculate ratio for common text/background combinations","status":"passed","title":"should calculate ratio for common text/background combinations","duration":0,"failureMessages":[]},{"ancestorTitles":["","Contrast Checker Utility","checkContrast"],"fullName":" Contrast Checker Utility checkContrast should pass AA normal text for high contrast (4.5:1+)","status":"passed","title":"should pass AA normal text for high contrast (4.5:1+)","duration":1,"failureMessages":[]},{"ancestorTitles":["","Contrast Checker Utility","checkContrast"],"fullName":" Contrast Checker Utility checkContrast should fail AA normal text for low contrast","status":"passed","title":"should fail AA normal text for low contrast","duration":0,"failureMessages":[]},{"ancestorTitles":["","Contrast Checker Utility","checkContrast"],"fullName":" Contrast Checker Utility checkContrast should pass AA large text but fail AA normal for medium contrast","status":"passed","title":"should pass AA large text but fail AA normal for medium contrast","duration":0,"failureMessages":[]},{"ancestorTitles":["","Contrast Checker Utility","checkContrast"],"fullName":" Contrast Checker Utility checkContrast should return proper warning messages","status":"passed","title":"should return proper warning messages","duration":0,"failureMessages":[]},{"ancestorTitles":["","Contrast Checker Utility","validateThemeContrast"],"fullName":" Contrast Checker Utility validateThemeContrast should validate light theme with good contrast","status":"passed","title":"should validate light theme with good contrast","duration":0,"failureMessages":[]},{"ancestorTitles":["","Contrast Checker Utility","validateThemeContrast"],"fullName":" Contrast Checker Utility validateThemeContrast should validate dark theme with good contrast","status":"passed","title":"should validate dark theme with good contrast","duration":1,"failureMessages":[]},{"ancestorTitles":["","Contrast Checker Utility","validateThemeContrast"],"fullName":" Contrast Checker Utility validateThemeContrast should detect contrast failures in theme","status":"passed","title":"should detect contrast failures in theme","duration":0,"failureMessages":[]},{"ancestorTitles":["","Contrast Checker Utility","validateThemeContrast"],"fullName":" Contrast Checker Utility validateThemeContrast should return detailed failure information","status":"passed","title":"should return detailed failure information","duration":0,"failureMessages":[]},{"ancestorTitles":["","Contrast Checker Utility","validateThemeContrast"],"fullName":" Contrast Checker Utility validateThemeContrast should validate all critical color combinations","status":"passed","title":"should validate all critical color combinations","duration":0,"failureMessages":[]}],"startTime":1772251759676,"endTime":1772251759680,"status":"passed","message":"","name":"F:/009_PROJECTS/davis9001.dev/davis9001.dev-sveltekit/src/lib/utils/contrast.test.ts"},{"assertionResults":[{"ancestorTitles":["","Account Merge Service","mergeAccounts"],"fullName":" Account Merge Service mergeAccounts should transfer all oauth_accounts from source user to target user","status":"passed","title":"should transfer all oauth_accounts from source user to target user","duration":4,"failureMessages":[]},{"ancestorTitles":["","Account Merge Service","mergeAccounts"],"fullName":" Account Merge Service mergeAccounts should transfer all chat_messages from source user to target user","status":"passed","title":"should transfer all chat_messages from source user to target user","duration":3,"failureMessages":[]},{"ancestorTitles":["","Account Merge Service","mergeAccounts"],"fullName":" Account Merge Service mergeAccounts should transfer all sessions from source user to target user","status":"passed","title":"should transfer all sessions from source user to target user","duration":4,"failureMessages":[]},{"ancestorTitles":["","Account Merge Service","mergeAccounts"],"fullName":" Account Merge Service mergeAccounts should delete the source user after transferring data","status":"passed","title":"should delete the source user after transferring data","duration":3,"failureMessages":[]},{"ancestorTitles":["","Account Merge Service","mergeAccounts"],"fullName":" Account Merge Service mergeAccounts should merge admin status (source is admin should make target admin)","status":"passed","title":"should merge admin status (source is admin should make target admin)","duration":3,"failureMessages":[]},{"ancestorTitles":["","Account Merge Service","mergeAccounts"],"fullName":" Account Merge Service mergeAccounts should use batch operations for atomic updates","status":"passed","title":"should use batch operations for atomic updates","duration":3,"failureMessages":[]},{"ancestorTitles":["","GitHub Callback - Account Merge on Link"],"fullName":" GitHub Callback - Account Merge on Link should merge accounts instead of showing error when GitHub is already linked to another user","status":"passed","title":"should merge accounts instead of showing error when GitHub is already linked to another user","duration":3,"failureMessages":[]},{"ancestorTitles":["","Discord Callback - Account Merge on Link"],"fullName":" Discord Callback - Account Merge on Link should merge accounts instead of showing error when Discord is already linked to another user","status":"passed","title":"should merge accounts instead of showing error when Discord is already linked to another user","duration":4,"failureMessages":[]}],"startTime":1772251760086,"endTime":1772251760113,"status":"passed","message":"","name":"F:/009_PROJECTS/davis9001.dev/davis9001.dev-sveltekit/tests/unit/account-merge.test.ts"},{"assertionResults":[{"ancestorTitles":["","AI Keys Toggle API","PATCH /api/admin/ai-keys/[id]/toggle"],"fullName":" AI Keys Toggle API PATCH /api/admin/ai-keys/[id]/toggle should toggle enabled status to false","status":"passed","title":"should toggle enabled status to false","duration":5,"failureMessages":[]},{"ancestorTitles":["","AI Keys Toggle API","PATCH /api/admin/ai-keys/[id]/toggle"],"fullName":" AI Keys Toggle API PATCH /api/admin/ai-keys/[id]/toggle should toggle enabled status to true","status":"passed","title":"should toggle enabled status to true","duration":3,"failureMessages":[]},{"ancestorTitles":["","AI Keys Toggle API","PATCH /api/admin/ai-keys/[id]/toggle"],"fullName":" AI Keys Toggle API PATCH /api/admin/ai-keys/[id]/toggle should not expose API key in response","status":"passed","title":"should not expose API key in response","duration":3,"failureMessages":[]},{"ancestorTitles":["","AI Keys Toggle API","PATCH /api/admin/ai-keys/[id]/toggle"],"fullName":" AI Keys Toggle API PATCH /api/admin/ai-keys/[id]/toggle should require admin access","status":"passed","title":"should require admin access","duration":3,"failureMessages":[]},{"ancestorTitles":["","AI Keys Toggle API","PATCH /api/admin/ai-keys/[id]/toggle"],"fullName":" AI Keys Toggle API PATCH /api/admin/ai-keys/[id]/toggle should return 404 if key not found","status":"passed","title":"should return 404 if key not found","duration":3,"failureMessages":[]},{"ancestorTitles":["","AI Keys Toggle API","PATCH /api/admin/ai-keys/[id]/toggle"],"fullName":" AI Keys Toggle API PATCH /api/admin/ai-keys/[id]/toggle should return 500 if KV not available","status":"passed","title":"should return 500 if KV not available","duration":3,"failureMessages":[]},{"ancestorTitles":["","AI Keys Toggle API","PATCH /api/admin/ai-keys/[id]/toggle"],"fullName":" AI Keys Toggle API PATCH /api/admin/ai-keys/[id]/toggle should update timestamp when toggling","status":"passed","title":"should update timestamp when toggling","duration":4,"failureMessages":[]}],"startTime":1772251760786,"endTime":1772251760810,"status":"passed","message":"","name":"F:/009_PROJECTS/davis9001.dev/davis9001.dev-sveltekit/tests/unit/admin-ai-keys-toggle.test.ts"},{"assertionResults":[{"ancestorTitles":["","AI Keys Voice Chat Configuration","POST /api/admin/ai-keys with voice settings"],"fullName":" AI Keys Voice Chat Configuration POST /api/admin/ai-keys with voice settings should create key with voice chat enabled","status":"passed","title":"should create key with voice chat enabled","duration":4,"failureMessages":[]},{"ancestorTitles":["","AI Keys Voice Chat Configuration","POST /api/admin/ai-keys with voice settings"],"fullName":" AI Keys Voice Chat Configuration POST /api/admin/ai-keys with voice settings should create key with voice chat disabled by default","status":"passed","title":"should create key with voice chat disabled by default","duration":2,"failureMessages":[]},{"ancestorTitles":["","AI Keys Voice Chat Configuration","PUT /api/admin/ai-keys/[id] with voice settings"],"fullName":" AI Keys Voice Chat Configuration PUT /api/admin/ai-keys/[id] with voice settings should update key to enable voice chat","status":"passed","title":"should update key to enable voice chat","duration":4,"failureMessages":[]},{"ancestorTitles":["","AI Keys Voice Chat Configuration","PUT /api/admin/ai-keys/[id] with voice settings"],"fullName":" AI Keys Voice Chat Configuration PUT /api/admin/ai-keys/[id] with voice settings should update key to disable voice chat","status":"passed","title":"should update key to disable voice chat","duration":3,"failureMessages":[]},{"ancestorTitles":["","AI Keys Voice Chat Configuration","Voice Session Creation with voice settings"],"fullName":" AI Keys Voice Chat Configuration Voice Session Creation with voice settings should create voice session when voice is enabled","status":"passed","title":"should create voice session when voice is enabled","duration":14,"failureMessages":[]},{"ancestorTitles":["","AI Keys Voice Chat Configuration","Voice Session Creation with voice settings"],"fullName":" AI Keys Voice Chat Configuration Voice Session Creation with voice settings should return 403 when voice is not enabled","status":"passed","title":"should return 403 when voice is not enabled","duration":5,"failureMessages":[]},{"ancestorTitles":["","AI Keys Voice Chat Configuration","Voice Session Creation with voice settings"],"fullName":" AI Keys Voice Chat Configuration Voice Session Creation with voice settings should use custom voice model when configured","status":"passed","title":"should use custom voice model when configured","duration":8,"failureMessages":[]}],"startTime":1772251753860,"endTime":1772251753900,"status":"passed","message":"","name":"F:/009_PROJECTS/davis9001.dev/davis9001.dev-sveltekit/tests/unit/admin-ai-keys-voice.test.ts"},{"assertionResults":[{"ancestorTitles":["","Admin AI Keys Page"],"fullName":" Admin AI Keys Page should render the page title","status":"passed","title":"should render the page title","duration":6,"failureMessages":[]},{"ancestorTitles":["","Admin AI Keys Page"],"fullName":" Admin AI Keys Page should render an empty state when no keys exist","status":"passed","title":"should render an empty state when no keys exist","duration":4,"failureMessages":[]},{"ancestorTitles":["","Admin AI Keys Page"],"fullName":" Admin AI Keys Page should render a list of existing AI keys","status":"passed","title":"should render a list of existing AI keys","duration":9,"failureMessages":[]},{"ancestorTitles":["","Admin AI Keys Page"],"fullName":" Admin AI Keys Page should show add key button","status":"passed","title":"should show add key button","duration":3,"failureMessages":[]},{"ancestorTitles":["","Admin AI Keys Page"],"fullName":" Admin AI Keys Page should open add key form when add button is clicked","status":"passed","title":"should open add key form when add button is clicked","duration":10,"failureMessages":[]},{"ancestorTitles":["","Admin AI Keys Page"],"fullName":" Admin AI Keys Page should validate required fields when adding a key","status":"passed","title":"should validate required fields when adding a key","duration":9,"failureMessages":[]},{"ancestorTitles":["","Admin AI Keys Page"],"fullName":" Admin AI Keys Page should successfully add a new AI key","status":"passed","title":"should successfully add a new AI key","duration":12,"failureMessages":[]},{"ancestorTitles":["","Admin AI Keys Page"],"fullName":" Admin AI Keys Page should show edit form when edit button is clicked","status":"passed","title":"should show edit form when edit button is clicked","duration":7,"failureMessages":[]},{"ancestorTitles":["","Admin AI Keys Page"],"fullName":" Admin AI Keys Page should delete a key when delete button is clicked","status":"passed","title":"should delete a key when delete button is clicked","duration":9,"failureMessages":[]},{"ancestorTitles":["","Admin AI Keys Page"],"fullName":" Admin AI Keys Page should mask API keys by default","status":"passed","title":"should mask API keys by default","duration":4,"failureMessages":[]},{"ancestorTitles":["","Admin AI Keys Page"],"fullName":" Admin AI Keys Page should toggle visibility of API keys","status":"passed","title":"should toggle visibility of API keys","duration":7,"failureMessages":[]},{"ancestorTitles":["","Admin AI Keys Page"],"fullName":" Admin AI Keys Page should display available AI providers","status":"passed","title":"should display available AI providers","duration":10,"failureMessages":[]},{"ancestorTitles":["","Admin AI Keys Page"],"fullName":" Admin AI Keys Page should display toggle switch for each AI key","status":"passed","title":"should display toggle switch for each AI key","duration":4,"failureMessages":[]},{"ancestorTitles":["","Admin AI Keys Page"],"fullName":" Admin AI Keys Page should show enabled state correctly on toggle switch","status":"passed","title":"should show enabled state correctly on toggle switch","duration":5,"failureMessages":[]},{"ancestorTitles":["","Admin AI Keys Page"],"fullName":" Admin AI Keys Page should call API to disable key when toggle is clicked","status":"passed","title":"should call API to disable key when toggle is clicked","duration":5,"failureMessages":[]},{"ancestorTitles":["","Admin AI Keys Page"],"fullName":" Admin AI Keys Page should call API to enable key when toggle is clicked on disabled key","status":"passed","title":"should call API to enable key when toggle is clicked on disabled key","duration":3,"failureMessages":[]},{"ancestorTitles":["","Admin AI Keys Page"],"fullName":" Admin AI Keys Page should update UI optimistically when toggle is clicked","status":"passed","title":"should update UI optimistically when toggle is clicked","duration":4,"failureMessages":[]},{"ancestorTitles":["","Admin AI Keys Page"],"fullName":" Admin AI Keys Page should set enabled to true by default when creating new key","status":"passed","title":"should set enabled to true by default when creating new key","duration":10,"failureMessages":[]}],"startTime":1772251751000,"endTime":1772251751121,"status":"passed","message":"","name":"F:/009_PROJECTS/davis9001.dev/davis9001.dev-sveltekit/tests/unit/admin-ai-keys.test.ts"},{"assertionResults":[{"ancestorTitles":["","DELETE /api/admin/auth-keys/[id] - Setup key protection"],"fullName":" DELETE /api/admin/auth-keys/[id] - Setup key protection should prevent deletion of GitHub OAuth setup key","status":"passed","title":"should prevent deletion of GitHub OAuth setup key","duration":2,"failureMessages":[]},{"ancestorTitles":["","DELETE /api/admin/auth-keys/[id] - Setup key protection"],"fullName":" DELETE /api/admin/auth-keys/[id] - Setup key protection should allow deletion of non-setup keys","status":"passed","title":"should allow deletion of non-setup keys","duration":2,"failureMessages":[]},{"ancestorTitles":["","DELETE /api/admin/auth-keys/[id] - Setup key protection"],"fullName":" DELETE /api/admin/auth-keys/[id] - Setup key protection should return 403 error when attempting to delete setup key","status":"passed","title":"should return 403 error when attempting to delete setup key","duration":3,"failureMessages":[]},{"ancestorTitles":["","DELETE /api/admin/auth-keys/[id] - Setup key protection"],"fullName":" DELETE /api/admin/auth-keys/[id] - Setup key protection should handle case when GitHub OAuth config does not exist","status":"passed","title":"should handle case when GitHub OAuth config does not exist","duration":2,"failureMessages":[]},{"ancestorTitles":["","DELETE /api/admin/auth-keys/[id] - Setup key protection"],"fullName":" DELETE /api/admin/auth-keys/[id] - Setup key protection should handle JSON parse errors when checking setup key","status":"passed","title":"should handle JSON parse errors when checking setup key","duration":2,"failureMessages":[]}],"startTime":1772251765369,"endTime":1772251765380,"status":"passed","message":"","name":"F:/009_PROJECTS/davis9001.dev/davis9001.dev-sveltekit/tests/unit/admin-auth-keys-delete-protection.test.ts"},{"assertionResults":[{"ancestorTitles":["","Auth keys page - GitHub OAuth from setup","GET /api/admin/auth-keys endpoint"],"fullName":" Auth keys page - GitHub OAuth from setup GET /api/admin/auth-keys endpoint should fetch GitHub OAuth configuration from KV","status":"passed","title":"should fetch GitHub OAuth configuration from KV","duration":3,"failureMessages":[]},{"ancestorTitles":["","Auth keys page - GitHub OAuth from setup","GET /api/admin/auth-keys endpoint"],"fullName":" Auth keys page - GitHub OAuth from setup GET /api/admin/auth-keys endpoint should return GitHub OAuth as an auth key in the list","status":"passed","title":"should return GitHub OAuth as an auth key in the list","duration":2,"failureMessages":[]},{"ancestorTitles":["","Auth keys page - GitHub OAuth from setup","GET /api/admin/auth-keys endpoint"],"fullName":" Auth keys page - GitHub OAuth from setup GET /api/admin/auth-keys endpoint should return empty array when no GitHub OAuth is configured","status":"passed","title":"should return empty array when no GitHub OAuth is configured","duration":2,"failureMessages":[]},{"ancestorTitles":["","Auth keys page - GitHub OAuth from setup","GET /api/admin/auth-keys endpoint"],"fullName":" Auth keys page - GitHub OAuth from setup GET /api/admin/auth-keys endpoint should handle JSON parse errors gracefully","status":"passed","title":"should handle JSON parse errors gracefully","duration":3,"failureMessages":[]},{"ancestorTitles":["","Auth keys page - GitHub OAuth from setup","GET /api/admin/auth-keys endpoint"],"fullName":" Auth keys page - GitHub OAuth from setup GET /api/admin/auth-keys endpoint should mark setup key with isSetupKey flag for read-only display","status":"passed","title":"should mark setup key with isSetupKey flag for read-only display","duration":2,"failureMessages":[]},{"ancestorTitles":["","Auth keys page - GitHub OAuth from setup","UI display of setup OAuth keys"],"fullName":" Auth keys page - GitHub OAuth from setup UI display of setup OAuth keys should show setup key in auth keys list","status":"passed","title":"should show setup key in auth keys list","duration":1,"failureMessages":[]},{"ancestorTitles":["","Auth keys page - GitHub OAuth from setup","UI display of setup OAuth keys"],"fullName":" Auth keys page - GitHub OAuth from setup UI display of setup OAuth keys should disable edit button for setup keys","status":"passed","title":"should disable edit button for setup keys","duration":2,"failureMessages":[]},{"ancestorTitles":["","Auth keys page - GitHub OAuth from setup","UI display of setup OAuth keys"],"fullName":" Auth keys page - GitHub OAuth from setup UI display of setup OAuth keys should disable delete button for setup keys","status":"passed","title":"should disable delete button for setup keys","duration":2,"failureMessages":[]},{"ancestorTitles":["","Auth keys page - GitHub OAuth from setup","UI display of setup OAuth keys"],"fullName":" Auth keys page - GitHub OAuth from setup UI display of setup OAuth keys should show visual indicator for setup keys","status":"passed","title":"should show visual indicator for setup keys","duration":2,"failureMessages":[]},{"ancestorTitles":["","Auth keys page - GitHub OAuth from setup","security and data handling"],"fullName":" Auth keys page - GitHub OAuth from setup security and data handling should never expose client secret in auth keys list","status":"passed","title":"should never expose client secret in auth keys list","duration":3,"failureMessages":[]},{"ancestorTitles":["","Auth keys page - GitHub OAuth from setup","security and data handling"],"fullName":" Auth keys page - GitHub OAuth from setup security and data handling should handle multiple auth providers in the future","status":"passed","title":"should handle multiple auth providers in the future","duration":2,"failureMessages":[]}],"startTime":1772251759439,"endTime":1772251759463,"status":"passed","message":"","name":"F:/009_PROJECTS/davis9001.dev/davis9001.dev-sveltekit/tests/unit/admin-auth-keys-setup-oauth.test.ts"},{"assertionResults":[{"ancestorTitles":["","Admin Auth Keys Page"],"fullName":" Admin Auth Keys Page should render the page title","status":"passed","title":"should render the page title","duration":6,"failureMessages":[]},{"ancestorTitles":["","Admin Auth Keys Page"],"fullName":" Admin Auth Keys Page should render an empty state when no keys exist","status":"passed","title":"should render an empty state when no keys exist","duration":4,"failureMessages":[]},{"ancestorTitles":["","Admin Auth Keys Page"],"fullName":" Admin Auth Keys Page should render a list of existing keys","status":"passed","title":"should render a list of existing keys","duration":8,"failureMessages":[]},{"ancestorTitles":["","Admin Auth Keys Page"],"fullName":" Admin Auth Keys Page should show add key button","status":"passed","title":"should show add key button","duration":4,"failureMessages":[]},{"ancestorTitles":["","Admin Auth Keys Page"],"fullName":" Admin Auth Keys Page should open add key form when add button is clicked","status":"passed","title":"should open add key form when add button is clicked","duration":12,"failureMessages":[]},{"ancestorTitles":["","Admin Auth Keys Page"],"fullName":" Admin Auth Keys Page should validate required fields when adding a key","status":"passed","title":"should validate required fields when adding a key","duration":11,"failureMessages":[]},{"ancestorTitles":["","Admin Auth Keys Page"],"fullName":" Admin Auth Keys Page should successfully add a new key","status":"passed","title":"should successfully add a new key","duration":10,"failureMessages":[]},{"ancestorTitles":["","Admin Auth Keys Page"],"fullName":" Admin Auth Keys Page should show edit form when edit button is clicked","status":"passed","title":"should show edit form when edit button is clicked","duration":7,"failureMessages":[]},{"ancestorTitles":["","Admin Auth Keys Page"],"fullName":" Admin Auth Keys Page should delete a key when delete button is clicked","status":"passed","title":"should delete a key when delete button is clicked","duration":10,"failureMessages":[]},{"ancestorTitles":["","Admin Auth Keys Page"],"fullName":" Admin Auth Keys Page should mask sensitive values by default","status":"passed","title":"should mask sensitive values by default","duration":5,"failureMessages":[]},{"ancestorTitles":["","Admin Auth Keys Page"],"fullName":" Admin Auth Keys Page should toggle visibility of sensitive values","status":"passed","title":"should toggle visibility of sensitive values","duration":5,"failureMessages":[]},{"ancestorTitles":["","Admin Auth Keys Page"],"fullName":" Admin Auth Keys Page should include Discord in provider options","status":"passed","title":"should include Discord in provider options","duration":9,"failureMessages":[]},{"ancestorTitles":["","Admin Auth Keys Page"],"fullName":" Admin Auth Keys Page should render Discord OAuth keys in the list","status":"passed","title":"should render Discord OAuth keys in the list","duration":7,"failureMessages":[]}],"startTime":1772251756379,"endTime":1772251756477,"status":"passed","message":"","name":"F:/009_PROJECTS/davis9001.dev/davis9001.dev-sveltekit/tests/unit/admin-auth-keys.test.ts"},{"assertionResults":[{"ancestorTitles":["","Admin CMS Dashboard Page Server"],"fullName":" Admin CMS Dashboard Page Server should return content types when fetch is successful","status":"passed","title":"should return content types when fetch is successful","duration":6,"failureMessages":[]},{"ancestorTitles":["","Admin CMS Dashboard Page Server"],"fullName":" Admin CMS Dashboard Page Server should return empty array when fetch fails","status":"passed","title":"should return empty array when fetch fails","duration":1,"failureMessages":[]},{"ancestorTitles":["","Admin CMS Dashboard Page Server"],"fullName":" Admin CMS Dashboard Page Server should return empty array when fetch throws","status":"passed","title":"should return empty array when fetch throws","duration":3,"failureMessages":[]},{"ancestorTitles":["","Admin CMS Dashboard Page Server"],"fullName":" Admin CMS Dashboard Page Server should return empty array when response has no types property","status":"passed","title":"should return empty array when response has no types property","duration":1,"failureMessages":[]},{"ancestorTitles":["","Admin CMS Type Management Page Server"],"fullName":" Admin CMS Type Management Page Server should load content type and items","status":"passed","title":"should load content type and items","duration":3,"failureMessages":[]},{"ancestorTitles":["","Admin CMS Type Management Page Server"],"fullName":" Admin CMS Type Management Page Server should throw 404 when content type not found","status":"passed","title":"should throw 404 when content type not found","duration":2,"failureMessages":[]},{"ancestorTitles":["","Admin CMS Type Management Page Server"],"fullName":" Admin CMS Type Management Page Server should throw when types fetch fails","status":"passed","title":"should throw when types fetch fails","duration":1,"failureMessages":[]},{"ancestorTitles":["","Admin CMS Type Management Page Server"],"fullName":" Admin CMS Type Management Page Server should pass status and search filters as query params","status":"passed","title":"should pass status and search filters as query params","duration":2,"failureMessages":[]},{"ancestorTitles":["","Admin CMS Type Management Page Server"],"fullName":" Admin CMS Type Management Page Server should load tags when content type supports tags","status":"passed","title":"should load tags when content type supports tags","duration":2,"failureMessages":[]},{"ancestorTitles":["","Admin CMS Type Management Page Server"],"fullName":" Admin CMS Type Management Page Server should not load tags when content type does not support them","status":"passed","title":"should not load tags when content type does not support them","duration":1,"failureMessages":[]},{"ancestorTitles":["","Admin CMS Type Management Page Server"],"fullName":" Admin CMS Type Management Page Server should handle tags fetch failure gracefully","status":"passed","title":"should handle tags fetch failure gracefully","duration":2,"failureMessages":[]},{"ancestorTitles":["","Admin CMS Type Management Page Server"],"fullName":" Admin CMS Type Management Page Server should return correct filters object from URL","status":"passed","title":"should return correct filters object from URL","duration":2,"failureMessages":[]},{"ancestorTitles":["","Admin CMS Type Management Page Server"],"fullName":" Admin CMS Type Management Page Server should handle items fetch failure with empty items","status":"passed","title":"should handle items fetch failure with empty items","duration":1,"failureMessages":[]},{"ancestorTitles":["","Admin CMS Type Management Page Server"],"fullName":" Admin CMS Type Management Page Server should pass page query param for pagination","status":"passed","title":"should pass page query param for pagination","duration":2,"failureMessages":[]}],"startTime":1772251752888,"endTime":1772251752917,"status":"passed","message":"","name":"F:/009_PROJECTS/davis9001.dev/davis9001.dev-sveltekit/tests/unit/admin-cms-pages.test.ts"},{"assertionResults":[{"ancestorTitles":["","Admin dashboard - setup info display","server load function"],"fullName":" Admin dashboard - setup info display server load function should fetch GitHub OAuth configuration from KV","status":"passed","title":"should fetch GitHub OAuth configuration from KV","duration":3,"failureMessages":[]},{"ancestorTitles":["","Admin dashboard - setup info display","server load function"],"fullName":" Admin dashboard - setup info display server load function should fetch admin user information from KV","status":"passed","title":"should fetch admin user information from KV","duration":1,"failureMessages":[]},{"ancestorTitles":["","Admin dashboard - setup info display","server load function"],"fullName":" Admin dashboard - setup info display server load function should handle missing OAuth configuration gracefully","status":"passed","title":"should handle missing OAuth configuration gracefully","duration":2,"failureMessages":[]},{"ancestorTitles":["","Admin dashboard - setup info display","server load function"],"fullName":" Admin dashboard - setup info display server load function should handle missing admin user information gracefully","status":"passed","title":"should handle missing admin user information gracefully","duration":2,"failureMessages":[]},{"ancestorTitles":["","Admin dashboard - setup info display","server load function"],"fullName":" Admin dashboard - setup info display server load function should return properly structured data for the page","status":"passed","title":"should return properly structured data for the page","duration":2,"failureMessages":[]},{"ancestorTitles":["","Admin dashboard - setup info display","admin page UI"],"fullName":" Admin dashboard - setup info display admin page UI should display OAuth provider information","status":"passed","title":"should display OAuth provider information","duration":2,"failureMessages":[]},{"ancestorTitles":["","Admin dashboard - setup info display","admin page UI"],"fullName":" Admin dashboard - setup info display admin page UI should display OAuth client ID (masked for security)","status":"passed","title":"should display OAuth client ID (masked for security)","duration":2,"failureMessages":[]},{"ancestorTitles":["","Admin dashboard - setup info display","admin page UI"],"fullName":" Admin dashboard - setup info display admin page UI should display admin username information","status":"passed","title":"should display admin username information","duration":2,"failureMessages":[]},{"ancestorTitles":["","Admin dashboard - setup info display","admin page UI"],"fullName":" Admin dashboard - setup info display admin page UI should show warning when OAuth config is missing","status":"passed","title":"should show warning when OAuth config is missing","duration":3,"failureMessages":[]},{"ancestorTitles":["","Admin dashboard - setup info display","admin page UI"],"fullName":" Admin dashboard - setup info display admin page UI should show GitHub profile link for admin user","status":"passed","title":"should show GitHub profile link for admin user","duration":3,"failureMessages":[]},{"ancestorTitles":["","Admin dashboard - setup info display","security considerations"],"fullName":" Admin dashboard - setup info display security considerations should never expose client secret","status":"passed","title":"should never expose client secret","duration":2,"failureMessages":[]},{"ancestorTitles":["","Admin dashboard - setup info display","security considerations"],"fullName":" Admin dashboard - setup info display security considerations should mask sensitive parts of client ID","status":"passed","title":"should mask sensitive parts of client ID","duration":2,"failureMessages":[]}],"startTime":1772251759865,"endTime":1772251759891,"status":"passed","message":"","name":"F:/009_PROJECTS/davis9001.dev/davis9001.dev-sveltekit/tests/unit/admin-dashboard-setup-info.test.ts"},{"assertionResults":[{"ancestorTitles":["","Admin Layout Server Load","load function"],"fullName":" Admin Layout Server Load load function should redirect to login when user not authenticated","status":"passed","title":"should redirect to login when user not authenticated","duration":9,"failureMessages":[]},{"ancestorTitles":["","Admin Layout Server Load","load function"],"fullName":" Admin Layout Server Load load function should redirect to home when user is not owner","status":"passed","title":"should redirect to home when user is not owner","duration":5,"failureMessages":[]},{"ancestorTitles":["","Admin Layout Server Load","load function"],"fullName":" Admin Layout Server Load load function should return user data when owner is authenticated","status":"passed","title":"should return user data when owner is authenticated","duration":6,"failureMessages":[]},{"ancestorTitles":["","Admin Dashboard Page Server Load","load function"],"fullName":" Admin Dashboard Page Server Load load function should return setup info from KV","status":"passed","title":"should return setup info from KV","duration":9,"failureMessages":[]},{"ancestorTitles":["","Admin Dashboard Page Server Load","load function"],"fullName":" Admin Dashboard Page Server Load load function should return empty setup info when KV not available","status":"passed","title":"should return empty setup info when KV not available","duration":3,"failureMessages":[]},{"ancestorTitles":["","Admin Dashboard Page Server Load","load function"],"fullName":" Admin Dashboard Page Server Load load function should handle KV errors gracefully","status":"passed","title":"should handle KV errors gracefully","duration":3,"failureMessages":[]},{"ancestorTitles":["","Admin Dashboard Page Server Load","load function"],"fullName":" Admin Dashboard Page Server Load load function should handle missing auth config","status":"passed","title":"should handle missing auth config","duration":4,"failureMessages":[]}],"startTime":1772251763266,"endTime":1772251763306,"status":"passed","message":"","name":"F:/009_PROJECTS/davis9001.dev/davis9001.dev-sveltekit/tests/unit/admin-layout.test.ts"},{"assertionResults":[{"ancestorTitles":["","Admin AI Keys Page Server"],"fullName":" Admin AI Keys Page Server should return keys when fetch is successful","status":"passed","title":"should return keys when fetch is successful","duration":20,"failureMessages":[]},{"ancestorTitles":["","Admin AI Keys Page Server"],"fullName":" Admin AI Keys Page Server should return empty keys when fetch fails","status":"passed","title":"should return empty keys when fetch fails","duration":2,"failureMessages":[]},{"ancestorTitles":["","Admin AI Keys Page Server"],"fullName":" Admin AI Keys Page Server should return empty keys when fetch throws error","status":"passed","title":"should return empty keys when fetch throws error","duration":1,"failureMessages":[]},{"ancestorTitles":["","Admin AI Keys Page Server"],"fullName":" Admin AI Keys Page Server should return empty array when response has no keys property","status":"passed","title":"should return empty array when response has no keys property","duration":2,"failureMessages":[]},{"ancestorTitles":["","Admin Auth Keys Page Server"],"fullName":" Admin Auth Keys Page Server should return keys when fetch is successful","status":"passed","title":"should return keys when fetch is successful","duration":20,"failureMessages":[]},{"ancestorTitles":["","Admin Auth Keys Page Server"],"fullName":" Admin Auth Keys Page Server should return empty keys when fetch fails","status":"passed","title":"should return empty keys when fetch fails","duration":2,"failureMessages":[]},{"ancestorTitles":["","Admin Auth Keys Page Server"],"fullName":" Admin Auth Keys Page Server should return empty keys when fetch throws error","status":"passed","title":"should return empty keys when fetch throws error","duration":1,"failureMessages":[]},{"ancestorTitles":["","Admin Auth Keys Page Server"],"fullName":" Admin Auth Keys Page Server should return empty array when response has no keys property","status":"passed","title":"should return empty array when response has no keys property","duration":1,"failureMessages":[]},{"ancestorTitles":["","Admin Users Page Server"],"fullName":" Admin Users Page Server should return users when fetch is successful","status":"passed","title":"should return users when fetch is successful","duration":6,"failureMessages":[]},{"ancestorTitles":["","Admin Users Page Server"],"fullName":" Admin Users Page Server should return empty users when fetch fails","status":"passed","title":"should return empty users when fetch fails","duration":2,"failureMessages":[]},{"ancestorTitles":["","Admin Users Page Server"],"fullName":" Admin Users Page Server should return empty users when fetch throws error","status":"passed","title":"should return empty users when fetch throws error","duration":1,"failureMessages":[]},{"ancestorTitles":["","Admin Users Page Server"],"fullName":" Admin Users Page Server should return empty array when response has no users property","status":"passed","title":"should return empty array when response has no users property","duration":1,"failureMessages":[]}],"startTime":1772251761868,"endTime":1772251761928,"status":"passed","message":"","name":"F:/009_PROJECTS/davis9001.dev/davis9001.dev-sveltekit/tests/unit/admin-pages-server.test.ts"},{"assertionResults":[{"ancestorTitles":["","Admin Route Protection","Admin layout server load"],"fullName":" Admin Route Protection Admin layout server load should have server-side load function","status":"passed","title":"should have server-side load function","duration":1,"failureMessages":[]},{"ancestorTitles":["","Admin Route Protection","Admin layout server load"],"fullName":" Admin Route Protection Admin layout server load should check for authenticated user","status":"passed","title":"should check for authenticated user","duration":0,"failureMessages":[]},{"ancestorTitles":["","Admin Route Protection","Admin layout server load"],"fullName":" Admin Route Protection Admin layout server load should allow authenticated owner","status":"passed","title":"should allow authenticated owner","duration":0,"failureMessages":[]},{"ancestorTitles":["","Admin Route Protection","Admin layout server load"],"fullName":" Admin Route Protection Admin layout server load should reject authenticated non-owner","status":"passed","title":"should reject authenticated non-owner","duration":0,"failureMessages":[]},{"ancestorTitles":["","Admin Route Protection","User session validation"],"fullName":" Admin Route Protection User session validation should validate complete user object","status":"passed","title":"should validate complete user object","duration":0,"failureMessages":[]},{"ancestorTitles":["","Admin Route Protection","User session validation"],"fullName":" Admin Route Protection User session validation should handle optional fields","status":"passed","title":"should handle optional fields","duration":1,"failureMessages":[]}],"startTime":1772251767728,"endTime":1772251767730,"status":"passed","message":"","name":"F:/009_PROJECTS/davis9001.dev/davis9001.dev-sveltekit/tests/unit/admin-protection.test.ts"},{"assertionResults":[{"ancestorTitles":["","Admin Users API - Extended Branch Coverage","GET /api/admin/users - Error handling"],"fullName":" Admin Users API - Extended Branch Coverage GET /api/admin/users - Error handling should return 500 when database is not available","status":"passed","title":"should return 500 when database is not available","duration":7,"failureMessages":[]},{"ancestorTitles":["","Admin Users API - Extended Branch Coverage","GET /api/admin/users - Error handling"],"fullName":" Admin Users API - Extended Branch Coverage GET /api/admin/users - Error handling should return 500 when database query fails","status":"passed","title":"should return 500 when database query fails","duration":6,"failureMessages":[]},{"ancestorTitles":["","Admin Users API - Extended Branch Coverage","POST /api/admin/users - Error handling"],"fullName":" Admin Users API - Extended Branch Coverage POST /api/admin/users - Error handling should return 500 when database is not available","status":"passed","title":"should return 500 when database is not available","duration":6,"failureMessages":[]},{"ancestorTitles":["","Admin Users API - Extended Branch Coverage","POST /api/admin/users - Error handling"],"fullName":" Admin Users API - Extended Branch Coverage POST /api/admin/users - Error handling should return 400 when UNIQUE constraint is violated","status":"passed","title":"should return 400 when UNIQUE constraint is violated","duration":6,"failureMessages":[]},{"ancestorTitles":["","Admin Users API - Extended Branch Coverage","POST /api/admin/users - Error handling"],"fullName":" Admin Users API - Extended Branch Coverage POST /api/admin/users - Error handling should return 500 when general database error occurs","status":"passed","title":"should return 500 when general database error occurs","duration":6,"failureMessages":[]}],"startTime":1772251764859,"endTime":1772251764890,"status":"passed","message":"","name":"F:/009_PROJECTS/davis9001.dev/davis9001.dev-sveltekit/tests/unit/admin-users-api-extended.test.ts"},{"assertionResults":[{"ancestorTitles":["","Admin Users API","GET /api/admin/users"],"fullName":" Admin Users API GET /api/admin/users should require authentication","status":"passed","title":"should require authentication","duration":18,"failureMessages":[]},{"ancestorTitles":["","Admin Users API","GET /api/admin/users"],"fullName":" Admin Users API GET /api/admin/users should require admin access","status":"passed","title":"should require admin access","duration":1,"failureMessages":[]},{"ancestorTitles":["","Admin Users API","GET /api/admin/users"],"fullName":" Admin Users API GET /api/admin/users should return list of users","status":"passed","title":"should return list of users","duration":0,"failureMessages":[]},{"ancestorTitles":["","Admin Users API","POST /api/admin/users"],"fullName":" Admin Users API POST /api/admin/users should require authentication","status":"passed","title":"should require authentication","duration":1,"failureMessages":[]},{"ancestorTitles":["","Admin Users API","POST /api/admin/users"],"fullName":" Admin Users API POST /api/admin/users should require admin access","status":"passed","title":"should require admin access","duration":0,"failureMessages":[]},{"ancestorTitles":["","Admin Users API","POST /api/admin/users"],"fullName":" Admin Users API POST /api/admin/users should validate required fields","status":"passed","title":"should validate required fields","duration":1,"failureMessages":[]},{"ancestorTitles":["","Admin Users API","POST /api/admin/users"],"fullName":" Admin Users API POST /api/admin/users should create a new user","status":"passed","title":"should create a new user","duration":0,"failureMessages":[]},{"ancestorTitles":["","Admin Users API","PATCH /api/admin/users/:id"],"fullName":" Admin Users API PATCH /api/admin/users/:id should require authentication","status":"passed","title":"should require authentication","duration":1,"failureMessages":[]},{"ancestorTitles":["","Admin Users API","PATCH /api/admin/users/:id"],"fullName":" Admin Users API PATCH /api/admin/users/:id should prevent user from modifying their own status","status":"passed","title":"should prevent user from modifying their own status","duration":1,"failureMessages":[]},{"ancestorTitles":["","Admin Users API","PATCH /api/admin/users/:id"],"fullName":" Admin Users API PATCH /api/admin/users/:id should update user admin status","status":"passed","title":"should update user admin status","duration":0,"failureMessages":[]},{"ancestorTitles":["","Admin Users API","DELETE /api/admin/users/:id"],"fullName":" Admin Users API DELETE /api/admin/users/:id should require authentication","status":"passed","title":"should require authentication","duration":0,"failureMessages":[]},{"ancestorTitles":["","Admin Users API","DELETE /api/admin/users/:id"],"fullName":" Admin Users API DELETE /api/admin/users/:id should prevent user from deleting themselves","status":"passed","title":"should prevent user from deleting themselves","duration":1,"failureMessages":[]},{"ancestorTitles":["","Admin Users API","DELETE /api/admin/users/:id"],"fullName":" Admin Users API DELETE /api/admin/users/:id should delete a user","status":"passed","title":"should delete a user","duration":1,"failureMessages":[]},{"ancestorTitles":["","Admin Users API","GET /api/admin/users/search"],"fullName":" Admin Users API GET /api/admin/users/search should require authentication","status":"passed","title":"should require authentication","duration":1,"failureMessages":[]},{"ancestorTitles":["","Admin Users API","GET /api/admin/users/search"],"fullName":" Admin Users API GET /api/admin/users/search should return empty array for short queries","status":"passed","title":"should return empty array for short queries","duration":0,"failureMessages":[]}],"startTime":1772251754114,"endTime":1772251754140,"status":"passed","message":"","name":"F:/009_PROJECTS/davis9001.dev/davis9001.dev-sveltekit/tests/unit/admin-users-api.test.ts"},{"assertionResults":[{"ancestorTitles":["","Admin Users Extended API","GET /api/admin/users/search"],"fullName":" Admin Users Extended API GET /api/admin/users/search should return 401 when user is not authenticated","status":"passed","title":"should return 401 when user is not authenticated","duration":3,"failureMessages":[]},{"ancestorTitles":["","Admin Users Extended API","GET /api/admin/users/search"],"fullName":" Admin Users Extended API GET /api/admin/users/search should return 403 when user is not admin","status":"passed","title":"should return 403 when user is not admin","duration":2,"failureMessages":[]},{"ancestorTitles":["","Admin Users Extended API","GET /api/admin/users/search"],"fullName":" Admin Users Extended API GET /api/admin/users/search should return empty array when query is too short","status":"passed","title":"should return empty array when query is too short","duration":3,"failureMessages":[]},{"ancestorTitles":["","Admin Users Extended API","GET /api/admin/users/search"],"fullName":" Admin Users Extended API GET /api/admin/users/search should return empty array when query is empty","status":"passed","title":"should return empty array when query is empty","duration":3,"failureMessages":[]},{"ancestorTitles":["","Admin Users Extended API","GET /api/admin/users/search"],"fullName":" Admin Users Extended API GET /api/admin/users/search should search GitHub users when query is valid","status":"passed","title":"should search GitHub users when query is valid","duration":3,"failureMessages":[]},{"ancestorTitles":["","Admin Users Extended API","GET /api/admin/users/search"],"fullName":" Admin Users Extended API GET /api/admin/users/search should handle GitHub API errors","status":"passed","title":"should handle GitHub API errors","duration":3,"failureMessages":[]},{"ancestorTitles":["","Admin Users Extended API","GET /api/admin/users/search"],"fullName":" Admin Users Extended API GET /api/admin/users/search should allow admin users to search","status":"passed","title":"should allow admin users to search","duration":3,"failureMessages":[]},{"ancestorTitles":["","Admin Users Extended API","PATCH /api/admin/users/[id]"],"fullName":" Admin Users Extended API PATCH /api/admin/users/[id] should return 401 when user is not authenticated","status":"passed","title":"should return 401 when user is not authenticated","duration":3,"failureMessages":[]},{"ancestorTitles":["","Admin Users Extended API","PATCH /api/admin/users/[id]"],"fullName":" Admin Users Extended API PATCH /api/admin/users/[id] should return 403 when user is not admin","status":"passed","title":"should return 403 when user is not admin","duration":3,"failureMessages":[]},{"ancestorTitles":["","Admin Users Extended API","PATCH /api/admin/users/[id]"],"fullName":" Admin Users Extended API PATCH /api/admin/users/[id] should return 400 when isAdmin is not boolean","status":"passed","title":"should return 400 when isAdmin is not boolean","duration":3,"failureMessages":[]},{"ancestorTitles":["","Admin Users Extended API","PATCH /api/admin/users/[id]"],"fullName":" Admin Users Extended API PATCH /api/admin/users/[id] should return 500 when database is not available","status":"passed","title":"should return 500 when database is not available","duration":3,"failureMessages":[]},{"ancestorTitles":["","Admin Users Extended API","PATCH /api/admin/users/[id]"],"fullName":" Admin Users Extended API PATCH /api/admin/users/[id] should return 404 when user not found","status":"passed","title":"should return 404 when user not found","duration":4,"failureMessages":[]},{"ancestorTitles":["","Admin Users Extended API","PATCH /api/admin/users/[id]"],"fullName":" Admin Users Extended API PATCH /api/admin/users/[id] should return 400 when trying to modify self","status":"passed","title":"should return 400 when trying to modify self","duration":3,"failureMessages":[]},{"ancestorTitles":["","Admin Users Extended API","PATCH /api/admin/users/[id]"],"fullName":" Admin Users Extended API PATCH /api/admin/users/[id] should successfully promote user to admin","status":"passed","title":"should successfully promote user to admin","duration":3,"failureMessages":[]},{"ancestorTitles":["","Admin Users Extended API","PATCH /api/admin/users/[id]"],"fullName":" Admin Users Extended API PATCH /api/admin/users/[id] should prevent demoting setup owner","status":"passed","title":"should prevent demoting setup owner","duration":3,"failureMessages":[]},{"ancestorTitles":["","Admin Users Extended API","DELETE /api/admin/users/[id]"],"fullName":" Admin Users Extended API DELETE /api/admin/users/[id] should return 401 when user is not authenticated","status":"passed","title":"should return 401 when user is not authenticated","duration":4,"failureMessages":[]},{"ancestorTitles":["","Admin Users Extended API","DELETE /api/admin/users/[id]"],"fullName":" Admin Users Extended API DELETE /api/admin/users/[id] should return 403 when user is not admin","status":"passed","title":"should return 403 when user is not admin","duration":2,"failureMessages":[]},{"ancestorTitles":["","Admin Users Extended API","DELETE /api/admin/users/[id]"],"fullName":" Admin Users Extended API DELETE /api/admin/users/[id] should return 400 when trying to delete self","status":"passed","title":"should return 400 when trying to delete self","duration":2,"failureMessages":[]},{"ancestorTitles":["","Admin Users Extended API","DELETE /api/admin/users/[id]"],"fullName":" Admin Users Extended API DELETE /api/admin/users/[id] should return 404 when user not found","status":"passed","title":"should return 404 when user not found","duration":4,"failureMessages":[]},{"ancestorTitles":["","Admin Users Extended API","DELETE /api/admin/users/[id]"],"fullName":" Admin Users Extended API DELETE /api/admin/users/[id] should prevent deleting setup owner","status":"passed","title":"should prevent deleting setup owner","duration":3,"failureMessages":[]},{"ancestorTitles":["","Admin Users Extended API","DELETE /api/admin/users/[id]"],"fullName":" Admin Users Extended API DELETE /api/admin/users/[id] should successfully delete user","status":"passed","title":"should successfully delete user","duration":3,"failureMessages":[]}],"startTime":1772251750068,"endTime":1772251750131,"status":"passed","message":"","name":"F:/009_PROJECTS/davis9001.dev/davis9001.dev-sveltekit/tests/unit/admin-users-extended.test.ts"},{"assertionResults":[{"ancestorTitles":["","Admin Users Page"],"fullName":" Admin Users Page should render the page title","status":"passed","title":"should render the page title","duration":5,"failureMessages":[]},{"ancestorTitles":["","Admin Users Page"],"fullName":" Admin Users Page should render an empty state when no users exist","status":"passed","title":"should render an empty state when no users exist","duration":3,"failureMessages":[]},{"ancestorTitles":["","Admin Users Page"],"fullName":" Admin Users Page should render a list of existing users","status":"passed","title":"should render a list of existing users","duration":9,"failureMessages":[]},{"ancestorTitles":["","Admin Users Page"],"fullName":" Admin Users Page should display user count","status":"passed","title":"should display user count","duration":5,"failureMessages":[]},{"ancestorTitles":["","Admin Users Page"],"fullName":" Admin Users Page should show search input for GitHub users","status":"passed","title":"should show search input for GitHub users","duration":5,"failureMessages":[]},{"ancestorTitles":["","Admin Users Page"],"fullName":" Admin Users Page should search GitHub users when typing","status":"passed","title":"should search GitHub users when typing","duration":308,"failureMessages":[]},{"ancestorTitles":["","Admin Users Page"],"fullName":" Admin Users Page should display search results","status":"passed","title":"should display search results","duration":319,"failureMessages":[]},{"ancestorTitles":["","Admin Users Page"],"fullName":" Admin Users Page should open invite modal when clicking search result","status":"passed","title":"should open invite modal when clicking search result","duration":327,"failureMessages":[]},{"ancestorTitles":["","Admin Users Page"],"fullName":" Admin Users Page should validate email when inviting user","status":"passed","title":"should validate email when inviting user","duration":330,"failureMessages":[]},{"ancestorTitles":["","Admin Users Page"],"fullName":" Admin Users Page should successfully invite a user","status":"passed","title":"should successfully invite a user","duration":322,"failureMessages":[]},{"ancestorTitles":["","Admin Users Page"],"fullName":" Admin Users Page should show admin badge for admin users","status":"passed","title":"should show admin badge for admin users","duration":6,"failureMessages":[]},{"ancestorTitles":["","Admin Users Page"],"fullName":" Admin Users Page should show user badge for regular users","status":"passed","title":"should show user badge for regular users","duration":4,"failureMessages":[]},{"ancestorTitles":["","Admin Users Page"],"fullName":" Admin Users Page should show GitHub link for users with connected accounts","status":"passed","title":"should show GitHub link for users with connected accounts","duration":5,"failureMessages":[]},{"ancestorTitles":["","Admin Users Page"],"fullName":" Admin Users Page should have promote button for regular users","status":"passed","title":"should have promote button for regular users","duration":5,"failureMessages":[]},{"ancestorTitles":["","Admin Users Page"],"fullName":" Admin Users Page should have demote button for admin users","status":"passed","title":"should have demote button for admin users","duration":6,"failureMessages":[]},{"ancestorTitles":["","Admin Users Page"],"fullName":" Admin Users Page should have delete button for all users","status":"passed","title":"should have delete button for all users","duration":3,"failureMessages":[]},{"ancestorTitles":["","Admin Users Page"],"fullName":" Admin Users Page should disable promote/demote button for current user","status":"passed","title":"should disable promote/demote button for current user","duration":3,"failureMessages":[]},{"ancestorTitles":["","Admin Users Page"],"fullName":" Admin Users Page should disable delete button for current user","status":"passed","title":"should disable delete button for current user","duration":5,"failureMessages":[]},{"ancestorTitles":["","Admin Users Page"],"fullName":" Admin Users Page should enable buttons for other users","status":"passed","title":"should enable buttons for other users","duration":4,"failureMessages":[]}],"startTime":1772251747601,"endTime":1772251749276,"status":"passed","message":"","name":"F:/009_PROJECTS/davis9001.dev/davis9001.dev-sveltekit/tests/unit/admin-users.test.ts"},{"assertionResults":[{"ancestorTitles":["","AI Keys API","GET /api/admin/ai-keys"],"fullName":" AI Keys API GET /api/admin/ai-keys should return 403 when user is not owner","status":"passed","title":"should return 403 when user is not owner","duration":4,"failureMessages":[]},{"ancestorTitles":["","AI Keys API","GET /api/admin/ai-keys"],"fullName":" AI Keys API GET /api/admin/ai-keys should return 403 when user is null","status":"passed","title":"should return 403 when user is null","duration":2,"failureMessages":[]},{"ancestorTitles":["","AI Keys API","GET /api/admin/ai-keys"],"fullName":" AI Keys API GET /api/admin/ai-keys should return empty array when KV is not available","status":"passed","title":"should return empty array when KV is not available","duration":2,"failureMessages":[]},{"ancestorTitles":["","AI Keys API","GET /api/admin/ai-keys"],"fullName":" AI Keys API GET /api/admin/ai-keys should return empty array when no keys list exists","status":"passed","title":"should return empty array when no keys list exists","duration":3,"failureMessages":[]},{"ancestorTitles":["","AI Keys API","GET /api/admin/ai-keys"],"fullName":" AI Keys API GET /api/admin/ai-keys should return all keys without apiKey field","status":"passed","title":"should return all keys without apiKey field","duration":3,"failureMessages":[]},{"ancestorTitles":["","AI Keys API","GET /api/admin/ai-keys"],"fullName":" AI Keys API GET /api/admin/ai-keys should skip keys that no longer exist","status":"passed","title":"should skip keys that no longer exist","duration":2,"failureMessages":[]},{"ancestorTitles":["","AI Keys API","POST /api/admin/ai-keys"],"fullName":" AI Keys API POST /api/admin/ai-keys should return 403 when user is not owner","status":"passed","title":"should return 403 when user is not owner","duration":2,"failureMessages":[]},{"ancestorTitles":["","AI Keys API","POST /api/admin/ai-keys"],"fullName":" AI Keys API POST /api/admin/ai-keys should return 400 when required fields
[...]
re browser environment should read theme preference from localStorage when available","status":"passed","title":"should read theme preference from localStorage when available","duration":16,"failureMessages":[]},{"ancestorTitles":["","Theme Store","browser environment"],"fullName":" Theme Store browser environment should detect dark system theme preference","status":"passed","title":"should detect dark system theme preference","duration":15,"failureMessages":[]},{"ancestorTitles":["","Theme Store","browser environment"],"fullName":" Theme Store browser environment should detect light system theme preference","status":"passed","title":"should detect light system theme preference","duration":16,"failureMessages":[]},{"ancestorTitles":["","Theme Store","browser environment"],"fullName":" Theme Store browser environment should read light theme from localStorage","status":"passed","title":"should read light theme from localStorage","duration":16,"failureMessages":[]},{"ancestorTitles":["","Theme Store","browser environment"],"fullName":" Theme Store browser environment should read system theme from localStorage","status":"passed","title":"should read system theme from localStorage","duration":15,"failureMessages":[]},{"ancestorTitles":["","Theme Store","browser environment"],"fullName":" Theme Store browser environment should default to system when localStorage has invalid value","status":"passed","title":"should default to system when localStorage has invalid value","duration":15,"failureMessages":[]},{"ancestorTitles":["","Theme Store","browser environment"],"fullName":" Theme Store browser environment should persist theme preference changes to localStorage","status":"passed","title":"should persist theme preference changes to localStorage","duration":15,"failureMessages":[]},{"ancestorTitles":["","Theme Store","browser environment"],"fullName":" Theme Store browser environment should set up media query listener for system theme changes","status":"passed","title":"should set up media query listener for system theme changes","duration":17,"failureMessages":[]},{"ancestorTitles":["","Theme Store","browser environment"],"fullName":" Theme Store browser environment should update systemTheme when media query changes","status":"passed","title":"should update systemTheme when media query changes","duration":16,"failureMessages":[]}],"startTime":1772251751954,"endTime":1772251752202,"status":"passed","message":"","name":"F:/009_PROJECTS/davis9001.dev/davis9001.dev-sveltekit/tests/unit/theme-store.test.ts"},{"assertionResults":[{"ancestorTitles":["","ThemeToggle"],"fullName":" ThemeToggle should render all three theme options","status":"passed","title":"should render all three theme options","duration":5,"failureMessages":[]},{"ancestorTitles":["","ThemeToggle"],"fullName":" ThemeToggle should highlight the active theme option","status":"passed","title":"should highlight the active theme option","duration":3,"failureMessages":[]},{"ancestorTitles":["","ThemeToggle"],"fullName":" ThemeToggle should switch to light theme when light button is clicked","status":"passed","title":"should switch to light theme when light button is clicked","duration":2,"failureMessages":[]},{"ancestorTitles":["","ThemeToggle"],"fullName":" ThemeToggle should switch to dark theme when dark button is clicked","status":"passed","title":"should switch to dark theme when dark button is clicked","duration":3,"failureMessages":[]},{"ancestorTitles":["","ThemeToggle"],"fullName":" ThemeToggle should switch to system theme when system button is clicked","status":"passed","title":"should switch to system theme when system button is clicked","duration":2,"failureMessages":[]},{"ancestorTitles":["","ThemeToggle"],"fullName":" ThemeToggle should display all three options in a horizontal layout","status":"passed","title":"should display all three options in a horizontal layout","duration":2,"failureMessages":[]},{"ancestorTitles":["","ThemeToggle"],"fullName":" ThemeToggle should show light theme icon in the first position","status":"passed","title":"should show light theme icon in the first position","duration":5,"failureMessages":[]},{"ancestorTitles":["","ThemeToggle"],"fullName":" ThemeToggle should show dark theme icon in the second position","status":"passed","title":"should show dark theme icon in the second position","duration":4,"failureMessages":[]},{"ancestorTitles":["","ThemeToggle"],"fullName":" ThemeToggle should show system theme icon in the third position","status":"passed","title":"should show system theme icon in the third position","duration":2,"failureMessages":[]},{"ancestorTitles":["","ThemeToggle"],"fullName":" ThemeToggle should update active state when theme changes externally","status":"passed","title":"should update active state when theme changes externally","duration":25,"failureMessages":[]}],"startTime":1772251765940,"endTime":1772251765993,"status":"passed","message":"","name":"F:/009_PROJECTS/davis9001.dev/davis9001.dev-sveltekit/tests/unit/theme-toggle.test.ts"},{"assertionResults":[{"ancestorTitles":["","VoiceButton","Rendering"],"fullName":" VoiceButton Rendering should render the voice button","status":"passed","title":"should render the voice button","duration":4,"failureMessages":[]},{"ancestorTitles":["","VoiceButton","Rendering"],"fullName":" VoiceButton Rendering should show static wave bars when inactive","status":"passed","title":"should show static wave bars when inactive","duration":2,"failureMessages":[]},{"ancestorTitles":["","VoiceButton","Rendering"],"fullName":" VoiceButton Rendering should show wave bars when active and listening","status":"passed","title":"should show wave bars when active and listening","duration":4,"failureMessages":[]},{"ancestorTitles":["","VoiceButton","Rendering"],"fullName":" VoiceButton Rendering should show wave bars when active and processing","status":"passed","title":"should show wave bars when active and processing","duration":2,"failureMessages":[]},{"ancestorTitles":["","VoiceButton","Rendering"],"fullName":" VoiceButton Rendering should show wave bars when active and speaking","status":"passed","title":"should show wave bars when active and speaking","duration":3,"failureMessages":[]},{"ancestorTitles":["","VoiceButton","Rendering"],"fullName":" VoiceButton Rendering should show stop icon when active but idle","status":"passed","title":"should show stop icon when active but idle","duration":3,"failureMessages":[]},{"ancestorTitles":["","VoiceButton","Accessibility"],"fullName":" VoiceButton Accessibility should have appropriate label when inactive","status":"passed","title":"should have appropriate label when inactive","duration":4,"failureMessages":[]},{"ancestorTitles":["","VoiceButton","Accessibility"],"fullName":" VoiceButton Accessibility should have appropriate label when listening","status":"passed","title":"should have appropriate label when listening","duration":3,"failureMessages":[]},{"ancestorTitles":["","VoiceButton","Accessibility"],"fullName":" VoiceButton Accessibility should have appropriate label when processing","status":"passed","title":"should have appropriate label when processing","duration":3,"failureMessages":[]},{"ancestorTitles":["","VoiceButton","Accessibility"],"fullName":" VoiceButton Accessibility should have appropriate label when speaking","status":"passed","title":"should have appropriate label when speaking","duration":3,"failureMessages":[]},{"ancestorTitles":["","VoiceButton","Accessibility"],"fullName":" VoiceButton Accessibility should have appropriate label when active but idle","status":"passed","title":"should have appropriate label when active but idle","duration":3,"failureMessages":[]},{"ancestorTitles":["","VoiceButton","Accessibility"],"fullName":" VoiceButton Accessibility should hide decorative elements from screen readers","status":"passed","title":"should hide decorative elements from screen readers","duration":4,"failureMessages":[]},{"ancestorTitles":["","VoiceButton","Button States"],"fullName":" VoiceButton Button States should apply inactive class when not active","status":"passed","title":"should apply inactive class when not active","duration":4,"failureMessages":[]},{"ancestorTitles":["","VoiceButton","Button States"],"fullName":" VoiceButton Button States should apply listening class when active and listening","status":"passed","title":"should apply listening class when active and listening","duration":3,"failureMessages":[]},{"ancestorTitles":["","VoiceButton","Button States"],"fullName":" VoiceButton Button States should apply processing class when active and processing","status":"passed","title":"should apply processing class when active and processing","duration":3,"failureMessages":[]},{"ancestorTitles":["","VoiceButton","Button States"],"fullName":" VoiceButton Button States should apply speaking class when active and speaking","status":"passed","title":"should apply speaking class when active and speaking","duration":3,"failureMessages":[]},{"ancestorTitles":["","VoiceButton","Button States"],"fullName":" VoiceButton Button States should be disabled when disabled prop is true","status":"passed","title":"should be disabled when disabled prop is true","duration":4,"failureMessages":[]},{"ancestorTitles":["","VoiceButton","Button States"],"fullName":" VoiceButton Button States should not be disabled when disabled prop is false","status":"passed","title":"should not be disabled when disabled prop is false","duration":3,"failureMessages":[]},{"ancestorTitles":["","VoiceButton","Interactions"],"fullName":" VoiceButton Interactions should call onClick handler when clicked","status":"passed","title":"should call onClick handler when clicked","duration":4,"failureMessages":[]},{"ancestorTitles":["","VoiceButton","Interactions"],"fullName":" VoiceButton Interactions should not call onClick when disabled","status":"passed","title":"should not call onClick when disabled","duration":5,"failureMessages":[]},{"ancestorTitles":["","VoiceButton","Interactions"],"fullName":" VoiceButton Interactions should call onClick multiple times when clicked multiple times","status":"passed","title":"should call onClick multiple times when clicked multiple times","duration":4,"failureMessages":[]},{"ancestorTitles":["","VoiceButton","Animation"],"fullName":" VoiceButton Animation should show wave bars when active and animating","status":"passed","title":"should show wave bars when active and animating","duration":3,"failureMessages":[]},{"ancestorTitles":["","VoiceButton","Animation"],"fullName":" VoiceButton Animation should show static wave bars when inactive","status":"passed","title":"should show static wave bars when inactive","duration":3,"failureMessages":[]},{"ancestorTitles":["","VoiceButton","Animation"],"fullName":" VoiceButton Animation should have height styles on wave bars","status":"passed","title":"should have height styles on wave bars","duration":3,"failureMessages":[]},{"ancestorTitles":["","VoiceButton","State Transitions"],"fullName":" VoiceButton State Transitions should update display when state changes from idle to listening","status":"passed","title":"should update display when state changes from idle to listening","duration":6,"failureMessages":[]},{"ancestorTitles":["","VoiceButton","State Transitions"],"fullName":" VoiceButton State Transitions should update label when state changes","status":"passed","title":"should update label when state changes","duration":6,"failureMessages":[]},{"ancestorTitles":["","VoiceButton","State Transitions"],"fullName":" VoiceButton State Transitions should update classes when state changes","status":"passed","title":"should update classes when state changes","duration":7,"failureMessages":[]},{"ancestorTitles":["","VoiceButton","CSS Classes"],"fullName":" VoiceButton CSS Classes should have voice-button class","status":"passed","title":"should have voice-button class","duration":5,"failureMessages":[]},{"ancestorTitles":["","VoiceButton","CSS Classes"],"fullName":" VoiceButton CSS Classes should have button-content wrapper","status":"passed","title":"should have button-content wrapper","duration":3,"failureMessages":[]},{"ancestorTitles":["","VoiceButton","CSS Classes"],"fullName":" VoiceButton CSS Classes should apply all relevant classes for each state","status":"passed","title":"should apply all relevant classes for each state","duration":11,"failureMessages":[]}],"startTime":1772251751589,"endTime":1772251751708,"status":"passed","message":"","name":"F:/009_PROJECTS/davis9001.dev/davis9001.dev-sveltekit/tests/unit/voice-button.test.ts"},{"assertionResults":[{"ancestorTitles":["","Voice Chat Audio Service","Audio Capture"],"fullName":" Voice Chat Audio Service Audio Capture should capture microphone audio in PCM16 format at 24kHz","status":"passed","title":"should capture microphone audio in PCM16 format at 24kHz","duration":2,"failureMessages":[]},{"ancestorTitles":["","Voice Chat Audio Service","Audio Capture"],"fullName":" Voice Chat Audio Service Audio Capture should encode audio as base64 PCM16","status":"passed","title":"should encode audio as base64 PCM16","duration":2,"failureMessages":[]},{"ancestorTitles":["","Voice Chat Audio Service","Audio Capture"],"fullName":" Voice Chat Audio Service Audio Capture should send audio chunks to WebSocket at regular intervals","status":"passed","title":"should send audio chunks to WebSocket at regular intervals","duration":1,"failureMessages":[]},{"ancestorTitles":["","Voice Chat Audio Service","Audio Capture"],"fullName":" Voice Chat Audio Service Audio Capture should handle microphone permission denial","status":"passed","title":"should handle microphone permission denial","duration":3,"failureMessages":[]},{"ancestorTitles":["","Voice Chat Audio Service","Audio Playback"],"fullName":" Voice Chat Audio Service Audio Playback should decode base64 audio and play it","status":"passed","title":"should decode base64 audio and play it","duration":2,"failureMessages":[]},{"ancestorTitles":["","Voice Chat Audio Service","Audio Playback"],"fullName":" Voice Chat Audio Service Audio Playback should convert PCM16 to Float32 for AudioContext playback","status":"passed","title":"should convert PCM16 to Float32 for AudioContext playback","duration":2,"failureMessages":[]},{"ancestorTitles":["","Voice Chat Audio Service","Audio Playback"],"fullName":" Voice Chat Audio Service Audio Playback should queue and play audio chunks in order","status":"passed","title":"should queue and play audio chunks in order","duration":2,"failureMessages":[]},{"ancestorTitles":["","Voice Chat Audio Service","Audio Playback"],"fullName":" Voice Chat Audio Service Audio Playback should handle audio playback errors gracefully","status":"passed","title":"should handle audio playback errors gracefully","duration":2,"failureMessages":[]},{"ancestorTitles":["","Voice Chat Audio Service","WebSocket Communication"],"fullName":" Voice Chat Audio Service WebSocket Communication should send session configuration on connection","status":"passed","title":"should send session configuration on connection","duration":1,"failureMessages":[]},{"ancestorTitles":["","Voice Chat Audio Service","WebSocket Communication"],"fullName":" Voice Chat Audio Service WebSocket Communication should handle response.audio.delta messages","status":"passed","title":"should handle response.audio.delta messages","duration":2,"failureMessages":[]},{"ancestorTitles":["","Voice Chat Audio Service","WebSocket Communication"],"fullName":" Voice Chat Audio Service WebSocket Communication should handle response.audio_transcript.delta messages","status":"passed","title":"should handle response.audio_transcript.delta messages","duration":2,"failureMessages":[]},{"ancestorTitles":["","Voice Chat Audio Service","WebSocket Communication"],"fullName":" Voice Chat Audio Service WebSocket Communication should handle connection errors","status":"passed","title":"should handle connection errors","duration":2,"failureMessages":[]},{"ancestorTitles":["","Voice Chat Audio Service","Audio Processing"],"fullName":" Voice Chat Audio Service Audio Processing should resample audio to 24kHz if needed","status":"passed","title":"should resample audio to 24kHz if needed","duration":3,"failureMessages":[]},{"ancestorTitles":["","Voice Chat Audio Service","Audio Processing"],"fullName":" Voice Chat Audio Service Audio Processing should convert stereo to mono","status":"passed","title":"should convert stereo to mono","duration":3,"failureMessages":[]},{"ancestorTitles":["","Voice Chat Audio Service","State Management"],"fullName":" Voice Chat Audio Service State Management should track voice state transitions correctly","status":"passed","title":"should track voice state transitions correctly","duration":2,"failureMessages":[]},{"ancestorTitles":["","Voice Chat Audio Service","State Management"],"fullName":" Voice Chat Audio Service State Management should clean up resources on disconnect","status":"passed","title":"should clean up resources on disconnect","duration":2,"failureMessages":[]},{"ancestorTitles":["","Voice Chat Audio Service","State Management"],"fullName":" Voice Chat Audio Service State Management should wait for session.created before sending session.update","status":"passed","title":"should wait for session.created before sending session.update","duration":2,"failureMessages":[]},{"ancestorTitles":["","Voice Chat Audio Service","State Management"],"fullName":" Voice Chat Audio Service State Management should not send audio before session is configured","status":"passed","title":"should not send audio before session is configured","duration":3,"failureMessages":[]}],"startTime":1772251752659,"endTime":1772251752697,"status":"passed","message":"","name":"F:/009_PROJECTS/davis9001.dev/davis9001.dev-sveltekit/tests/unit/voice-chat-audio.test.ts"},{"assertionResults":[{"ancestorTitles":["","Voice Session API - Extended Coverage"],"fullName":" Voice Session API - Extended Coverage should return 401 when user is not authenticated","status":"passed","title":"should return 401 when user is not authenticated","duration":4,"failureMessages":[]},{"ancestorTitles":["","Voice Session API - Extended Coverage"],"fullName":" Voice Session API - Extended Coverage should return 503 when no OpenAI key is configured","status":"passed","title":"should return 503 when no OpenAI key is configured","duration":3,"failureMessages":[]},{"ancestorTitles":["","Voice Session API - Extended Coverage"],"fullName":" Voice Session API - Extended Coverage should return 403 when voice chat is not enabled","status":"passed","title":"should return 403 when voice chat is not enabled","duration":3,"failureMessages":[]},{"ancestorTitles":["","Voice Session API - Extended Coverage"],"fullName":" Voice Session API - Extended Coverage should create session with configured voice model","status":"passed","title":"should create session with configured voice model","duration":3,"failureMessages":[]},{"ancestorTitles":["","Voice Session API - Extended Coverage"],"fullName":" Voice Session API - Extended Coverage should use default voice model when not configured","status":"passed","title":"should use default voice model when not configured","duration":4,"failureMessages":[]},{"ancestorTitles":["","Voice Session API - Extended Coverage"],"fullName":" Voice Session API - Extended Coverage should re-throw errors with status property","status":"passed","title":"should re-throw errors with status property","duration":2,"failureMessages":[]},{"ancestorTitles":["","Voice Session API - Extended Coverage"],"fullName":" Voice Session API - Extended Coverage should throw 500 for unknown errors","status":"passed","title":"should throw 500 for unknown errors","duration":2,"failureMessages":[]}],"startTime":1772251765159,"endTime":1772251765180,"status":"passed","message":"","name":"F:/009_PROJECTS/davis9001.dev/davis9001.dev-sveltekit/tests/unit/voice-session-extended.test.ts"}]}